<?xml version="1.0" encoding="UTF-8"?>
<!-- Generated by org.testng.reporters.JUnitReportReporter -->
<testsuite hostname="DESKTOP-ROBIN" failures="0" tests="1" name="com.qa.api.products.tests.ProductAPIWithJsonPathTest" time="0.811" errors="0" timestamp="2025-06-03T20:54:33 EDT" skipped="0">
  <testcase classname="com.qa.api.products.tests.ProductAPIWithJsonPathTest" name="getProductTest" time="0.811"/>
  <system-out/>
</testsuite> <!-- com.qa.api.products.tests.ProductAPIWithJsonPathTest -->
