<?xml version="1.0" encoding="UTF-8"?>
<!-- Generated by org.testng.reporters.JUnitReportReporter -->
<testsuite hostname="DESKTOP-ROBIN" failures="0" tests="1" name="com.qa.api.gorest.tests.DeleteUserTest" time="3.950" errors="0" timestamp="2025-06-03T23:43:30 EDT" skipped="0">
  <testcase classname="com.qa.api.gorest.tests.DeleteUserTest" name="deleteUserTest" time="3.950"/>
  <system-out/>
</testsuite> <!-- com.qa.api.gorest.tests.DeleteUserTest -->
