<?xml version="1.0" encoding="UTF-8"?>
<!-- Generated by org.testng.reporters.JUnitReportReporter -->
<testsuite hostname="DESKTOP-ROBIN" failures="0" tests="1" name="com.qa.api.basicauth.tests.BasicAuthTest" time="1.071" errors="0" timestamp="2025-06-03T23:43:30 EDT" skipped="0">
  <testcase classname="com.qa.api.basicauth.tests.BasicAuthTest" name="basicAuthTest" time="1.071"/>
  <system-out/>
</testsuite> <!-- com.qa.api.basicauth.tests.BasicAuthTest -->
