<?xml version="1.0" encoding="UTF-8"?>
<!-- Generated by org.testng.reporters.JUnitReportReporter -->
<testsuite hostname="DESKTOP-ROBIN" failures="0" tests="3" name="com.qa.api.gorest.tests.CreateUserTest" time="2.432" errors="0" timestamp="2025-06-02T14:02:43 EDT" skipped="2">
  <testcase classname="com.qa.api.gorest.tests.CreateUserTest" name="createAUserTest" time="2.432"/>
  <system-out/>
  <testcase classname="com.qa.api.gorest.tests.CreateUserTest" name="createAUserWithJsonStringTest">
    <skipped/>
  </testcase> <!-- createAUserWithJsonStringTest -->
  <system-out/>
  <testcase classname="com.qa.api.gorest.tests.CreateUserTest" name="createAUserTestWithJsonfile">
    <skipped/>
  </testcase> <!-- createAUserTestWithJsonfile -->
  <system-out/>
</testsuite> <!-- com.qa.api.gorest.tests.CreateUserTest -->
