<?xml version="1.0" encoding="UTF-8"?>
<!-- Generated by org.testng.reporters.JUnitReportReporter -->
<testsuite hostname="DESKTOP-ROBIN" failures="0" tests="1" name="com.qa.api.amadeus.tests.AmadeusAPITest" time="3.914" errors="0" timestamp="2025-06-02T14:02:43 EDT" skipped="0">
  <testcase classname="com.qa.api.amadeus.tests.AmadeusAPITest" name="getFlightDetailsTest" time="3.914"/>
  <system-out/>
</testsuite> <!-- com.qa.api.amadeus.tests.AmadeusAPITest -->
