<?xml version="1.0" encoding="UTF-8"?>
<!-- Generated by org.testng.reporters.JUnitReportReporter -->
<testsuite hostname="DESKTOP-ROBIN" failures="0" tests="2" name="com.qa.api.schema.tests.GoRestUserAPISchemaTest" time="2.126" errors="0" timestamp="2025-06-03T20:54:33 EDT" skipped="0">
  <testcase classname="com.qa.api.schema.tests.GoRestUserAPISchemaTest" name="getAllUsersAPISchemaTest" time="0.973"/>
  <system-out/>
  <testcase classname="com.qa.api.schema.tests.GoRestUserAPISchemaTest" name="createUserAPISchemaTest" time="1.153"/>
  <system-out/>
</testsuite> <!-- com.qa.api.schema.tests.GoRestUserAPISchemaTest -->
