<?xml version="1.0" encoding="UTF-8"?>
<!-- Generated by org.testng.reporters.JUnitReportReporter -->
<testsuite hostname="DESKTOP-ROBIN" failures="0" tests="1" name="com.qa.api.gorest.tests.UpdateUserTest" time="4.351" errors="0" timestamp="2025-06-03T23:30:31 EDT" skipped="0">
  <testcase classname="com.qa.api.gorest.tests.UpdateUserTest" name="updateAUserTest" time="4.351"/>
  <system-out/>
</testsuite> <!-- com.qa.api.gorest.tests.UpdateUserTest -->
