<?xml version="1.0" encoding="UTF-8"?>
<!-- Generated by org.testng.reporters.JUnitReportReporter -->
<testsuite hostname="DESKTOP-ROBIN" failures="0" tests="1" name="com.qa.api.gorest.tests.UpdateUserTest" time="2.956" errors="0" timestamp="2025-06-03T20:54:33 EDT" skipped="0">
  <testcase classname="com.qa.api.gorest.tests.UpdateUserTest" name="updateAUserTest" time="2.956"/>
  <system-out/>
</testsuite> <!-- com.qa.api.gorest.tests.UpdateUserTest -->
