<?xml version="1.0" encoding="UTF-8"?>
<!-- Generated by org.testng.reporters.JUnitReportReporter -->
<testsuite hostname="DESKTOP-ROBIN" failures="0" tests="3" name="com.qa.api.gorest.tests.GetUserTest" time="2.564" errors="0" timestamp="2025-06-03T23:43:30 EDT" skipped="1">
  <testcase classname="com.qa.api.gorest.tests.GetUserTest" name="getAllUsersTest" time="1.534"/>
  <system-out/>
  <testcase classname="com.qa.api.gorest.tests.GetUserTest" name="getAllUsersWithQueryParamTest" time="1.030"/>
  <system-out/>
  <testcase classname="com.qa.api.gorest.tests.GetUserTest" name="getSingleUserTest">
    <skipped/>
  </testcase> <!-- getSingleUserTest -->
  <system-out/>
</testsuite> <!-- com.qa.api.gorest.tests.GetUserTest -->
