<?xml version="1.0" encoding="UTF-8"?>
<!-- Generated by org.testng.reporters.JUnitReportReporter -->
<testsuite hostname="DESKTOP-ROBIN" failures="0" tests="3" name="com.qa.api.gorest.tests.GetUserTest" time="2.979" errors="0" timestamp="2025-06-03T23:30:31 EDT" skipped="1">
  <testcase classname="com.qa.api.gorest.tests.GetUserTest" name="getAllUsersTest" time="2.023"/>
  <system-out/>
  <testcase classname="com.qa.api.gorest.tests.GetUserTest" name="getAllUsersWithQueryParamTest" time="0.956"/>
  <system-out/>
  <testcase classname="com.qa.api.gorest.tests.GetUserTest" name="getSingleUserTest">
    <skipped/>
  </testcase> <!-- getSingleUserTest -->
  <system-out/>
</testsuite> <!-- com.qa.api.gorest.tests.GetUserTest -->
