<?xml version="1.0" encoding="UTF-8"?>
<!-- Generated by org.testng.reporters.JUnitReportReporter -->
<testsuite hostname="DESKTOP-ROBIN" failures="0" tests="8" name="com.qa.api.gorest.tests.CreateUserTest" time="5.927" errors="0" timestamp="2025-06-03T23:43:30 EDT" skipped="2">
  <testcase classname="com.qa.api.gorest.tests.CreateUserTest" name="createAUserWithDataProviderTest" time="0.578"/>
  <system-out/>
  <testcase classname="com.qa.api.gorest.tests.CreateUserTest" name="createAUserWithDataProviderTest" time="1.802"/>
  <system-out/>
  <testcase classname="com.qa.api.gorest.tests.CreateUserTest" name="createAUserWithDataProviderTest" time="0.998"/>
  <system-out/>
  <testcase classname="com.qa.api.gorest.tests.CreateUserTest" name="createAUserWithDataProviderTest" time="1.055"/>
  <system-out/>
  <testcase classname="com.qa.api.gorest.tests.CreateUserTest" name="createAUserWithPOJOTest" time="0.995"/>
  <system-out/>
  <testcase classname="com.qa.api.gorest.tests.CreateUserTest" name="createAUserWithDataProviderTest" time="0.499"/>
  <system-out/>
  <testcase classname="com.qa.api.gorest.tests.CreateUserTest" name="createAUserTestWithJsonfile">
    <skipped/>
  </testcase> <!-- createAUserTestWithJsonfile -->
  <system-out/>
  <testcase classname="com.qa.api.gorest.tests.CreateUserTest" name="createAUserWithJsonStringTest">
    <skipped/>
  </testcase> <!-- createAUserWithJsonStringTest -->
  <system-out/>
</testsuite> <!-- com.qa.api.gorest.tests.CreateUserTest -->
