<?xml version="1.0" encoding="UTF-8"?>
<!-- Generated by org.testng.reporters.JUnitReportReporter -->
<testsuite hostname="DESKTOP-ROBIN" failures="0" tests="1" name="com.qa.api.products.tests.ProductAPITest" time="1.135" errors="0" timestamp="2025-06-03T23:30:31 EDT" skipped="0">
  <testcase classname="com.qa.api.products.tests.ProductAPITest" name="getProductsTest" time="1.135"/>
  <system-out/>
</testsuite> <!-- com.qa.api.products.tests.ProductAPITest -->
