<?xml version="1.0" encoding="UTF-8"?>
<!-- Generated by org.testng.reporters.JUnitReportReporter -->
<testsuite hostname="DESKTOP-ROBIN" failures="0" tests="8" name="com.qa.api.gorest.tests.CreateUserTest" time="7.276" errors="0" timestamp="2025-06-03T23:30:31 EDT" skipped="2">
  <testcase classname="com.qa.api.gorest.tests.CreateUserTest" name="createAUserWithDataProviderTest" time="1.086"/>
  <system-out/>
  <testcase classname="com.qa.api.gorest.tests.CreateUserTest" name="createAUserWithDataProviderTest" time="0.997"/>
  <system-out/>
  <testcase classname="com.qa.api.gorest.tests.CreateUserTest" name="createAUserWithPOJOTest" time="1.169"/>
  <system-out/>
  <testcase classname="com.qa.api.gorest.tests.CreateUserTest" name="createAUserWithDataProviderTest" time="1.926"/>
  <system-out/>
  <testcase classname="com.qa.api.gorest.tests.CreateUserTest" name="createAUserWithDataProviderTest" time="1.114"/>
  <system-out/>
  <testcase classname="com.qa.api.gorest.tests.CreateUserTest" name="createAUserWithDataProviderTest" time="0.984"/>
  <system-out/>
  <testcase classname="com.qa.api.gorest.tests.CreateUserTest" name="createAUserWithJsonStringTest">
    <skipped/>
  </testcase> <!-- createAUserWithJsonStringTest -->
  <system-out/>
  <testcase classname="com.qa.api.gorest.tests.CreateUserTest" name="createAUserTestWithJsonfile">
    <skipped/>
  </testcase> <!-- createAUserTestWithJsonfile -->
  <system-out/>
</testsuite> <!-- com.qa.api.gorest.tests.CreateUserTest -->
