<?xml version="1.0" encoding="UTF-8"?>
<!-- Generated by org.testng.reporters.JUnitReportReporter -->
<testsuite hostname="DESKTOP-ROBIN" failures="0" tests="2" name="com.qa.api.schema.tests.GoRestUserAPISchemaTest" time="1.774" errors="0" timestamp="2025-06-02T14:02:43 EDT" skipped="0">
  <testcase classname="com.qa.api.schema.tests.GoRestUserAPISchemaTest" name="createUserAPISchemaTest" time="0.696"/>
  <system-out/>
  <testcase classname="com.qa.api.schema.tests.GoRestUserAPISchemaTest" name="getAllUsersAPISchemaTest" time="1.078"/>
  <system-out/>
</testsuite> <!-- com.qa.api.schema.tests.GoRestUserAPISchemaTest -->
