<?xml version="1.0" encoding="UTF-8"?>
<!-- Generated by org.testng.reporters.JUnitReportReporter -->
<testsuite hostname="DESKTOP-ROBIN" failures="0" tests="3" name="com.qa.api.gorest.tests.GetUserTest" time="3.625" errors="0" timestamp="2025-06-02T14:02:43 EDT" skipped="1">
  <testcase classname="com.qa.api.gorest.tests.GetUserTest" name="getAllUsersTest" time="2.531"/>
  <system-out/>
  <testcase classname="com.qa.api.gorest.tests.GetUserTest" name="getAllUsersWithQueryParamTest" time="1.094"/>
  <system-out/>
  <testcase classname="com.qa.api.gorest.tests.GetUserTest" name="getSingleUserTest">
    <skipped/>
  </testcase> <!-- getSingleUserTest -->
  <system-out/>
</testsuite> <!-- com.qa.api.gorest.tests.GetUserTest -->
